New log file opened at Mon Nov 28 13:57:05 CET 2016 by 7385@Ubuntu-UX303LAB
jvm 7385@Ubuntu-UX303LAB
jvm vmName=Java HotSpot(TM) 64-Bit Server VM vmVendor=Oracle Corporation vmVersion=25.92-b14
jvm specName=Java Virtual Machine Specification specVendor=Oracle Corporation specVersion=1.8
jvm arguments: [-Xms256m, -Xmx1024m, -XX:MetaspaceSize=64m, -XX:MaxMetaspaceSize=256m]
Starting event engine
Starting sbt command engine
Waiting for sbt command engine
Command engine arguments=List()
Command engine baseDirectory=/home/max/git/de.htwg.mps.battleship.web/hello-play-scala
Command engine initial remaining commands List(--initialize, onFailure load-failed, boot, server-send-ready-for-request, server-handle-next-server-request)
> --initialize
> initialize
> onFailure load-failed
> boot
> reload
[Loading] Scanning directory /home/max/git/de.htwg.mps.battleship.web/hello-play-scala/project
[Loading] Found non-root projects 
[Loading] Done in /home/max/git/de.htwg.mps.battleship.web/hello-play-scala/project, returning: ()
deducing auto plugins based on known facts Set(Atom(sbt.plugins.CorePlugin)) and clauses Clauses(List(Clause(Atom(sbt.plugins.JvmPlugin),Set(Atom(sbt.plugins.IvyPlugin))), Clause(Atom(sbt.plugins.JUnitXmlReportPlugin),Set(Atom(sbt.plugins.JvmPlugin))), Clause(Atom(sbt.plugins.CorePlugin),Set(Atom(sbt.plugins.IvyPlugin))), Clause(Atom(sbt.plugins.IvyPlugin),Set(Atom(sbt.plugins.JvmPlugin))), Clause(Atom(sbt.plugins.JvmPlugin),Set(Atom(sbt.plugins.JUnitXmlReportPlugin)))))
  :: deduced result: Matched(sbt.plugins.CorePlugin,sbt.plugins.IvyPlugin,sbt.plugins.JvmPlugin,sbt.plugins.JUnitXmlReportPlugin)
sorting: ns: List(sbt.plugins.CorePlugin, sbt.plugins.IvyPlugin, sbt.plugins.JvmPlugin, sbt.plugins.JUnitXmlReportPlugin)
  :: sorting:: found: List(sbt.plugins.CorePlugin) not found List(sbt.plugins.IvyPlugin, sbt.plugins.JvmPlugin, sbt.plugins.JUnitXmlReportPlugin)
  :: sorting:: found: List(sbt.plugins.CorePlugin, sbt.plugins.IvyPlugin) not found List(sbt.plugins.JvmPlugin, sbt.plugins.JUnitXmlReportPlugin)
  :: sorting:: found: List(sbt.plugins.CorePlugin, sbt.plugins.IvyPlugin, sbt.plugins.JvmPlugin) not found List(sbt.plugins.JUnitXmlReportPlugin)
  :: sorting:: found: List(sbt.plugins.CorePlugin, sbt.plugins.IvyPlugin, sbt.plugins.JvmPlugin, sbt.plugins.JUnitXmlReportPlugin) not found List()
  :: sorted deduced result: List(sbt.plugins.CorePlugin, sbt.plugins.IvyPlugin, sbt.plugins.JvmPlugin, sbt.plugins.JUnitXmlReportPlugin)
[Loading] Done in /home/max/git/de.htwg.mps.battleship.web/hello-play-scala/project, returning: (hello-play-scala-build)
Loading project definition from /home/max/git/de.htwg.mps.battleship.web/hello-play-scala/project
Running task... Cancel: sbt.TaskCancellationStrategy$Null$@4d9652c7, check cycles: false

Initial source changes: 
	removed:Set()
	added: Set()
	modified: Set()
Removed products: Set()
External API changes: API Changes: Set()
Modified binary dependencies: Set()
Initial directly invalidated sources: Set()

Sources indirectly invalidated by:
	product: Set()
	binary dep: Set()
	external source: Set()
All initially invalidated sources: Set()

Copy resource mappings: 
	
[Loading] Scanning directory /home/max/git/de.htwg.mps.battleship.web/hello-play-scala
[Loading] Found non-root projects 
[Loading] Done in /home/max/git/de.htwg.mps.battleship.web/hello-play-scala, returning: ()
deducing auto plugins based on known facts Set(Atom(sbt.plugins.CorePlugin)) and clauses Clauses(List(Clause(Atom(sbt.plugins.JvmPlugin),Set(Atom(sbt.plugins.IvyPlugin))), Clause(Atom(sbt.plugins.JUnitXmlReportPlugin),Set(Atom(sbt.plugins.JvmPlugin))), Clause(Atom(sbt.plugins.BackgroundRunPlugin),Set(Atom(sbt.plugins.JvmPlugin))), Clause(Atom(sbt.plugins.CorePlugin),Set(Atom(sbt.plugins.IvyPlugin))), Clause(Atom(sbt.plugins.IvyPlugin),Set(Atom(sbt.plugins.JvmPlugin))), Clause(Atom(sbt.plugins.JvmPlugin),Set(Atom(sbt.plugins.JUnitXmlReportPlugin))), Clause(Atom(sbt.plugins.JvmPlugin),Set(Atom(sbt.plugins.BackgroundRunPlugin))), Clause(Atom(sbt.plugins.CorePlugin),Set(Atom(sbt.plugins.InteractionServicePlugin))), Clause(Atom(sbt.plugins.CorePlugin),Set(Atom(sbt.plugins.SendEventServicePlugin))), Clause(Atom(sbt.plugins.CorePlugin),Set(Atom(sbt.plugins.SerializersPlugin)))))
  :: deduced result: Matched(sbt.plugins.CorePlugin,sbt.plugins.SerializersPlugin,sbt.plugins.SendEventServicePlugin,sbt.plugins.InteractionServicePlugin,sbt.plugins.IvyPlugin,sbt.plugins.JvmPlugin,sbt.plugins.BackgroundRunPlugin,sbt.plugins.JUnitXmlReportPlugin)
sorting: ns: List(sbt.plugins.CorePlugin, sbt.plugins.SerializersPlugin, sbt.plugins.SendEventServicePlugin, sbt.plugins.InteractionServicePlugin, sbt.plugins.IvyPlugin, sbt.plugins.JvmPlugin, sbt.plugins.BackgroundRunPlugin, sbt.plugins.JUnitXmlReportPlugin)
  :: sorting:: found: List(sbt.plugins.CorePlugin) not found List(sbt.plugins.SerializersPlugin, sbt.plugins.SendEventServicePlugin, sbt.plugins.InteractionServicePlugin, sbt.plugins.IvyPlugin, sbt.plugins.JvmPlugin, sbt.plugins.BackgroundRunPlugin, sbt.plugins.JUnitXmlReportPlugin)
  :: sorting:: found: List(sbt.plugins.CorePlugin, sbt.plugins.SerializersPlugin, sbt.plugins.SendEventServicePlugin, sbt.plugins.InteractionServicePlugin, sbt.plugins.IvyPlugin) not found List(sbt.plugins.JvmPlugin, sbt.plugins.BackgroundRunPlugin, sbt.plugins.JUnitXmlReportPlugin)
  :: sorting:: found: List(sbt.plugins.CorePlugin, sbt.plugins.SerializersPlugin, sbt.plugins.SendEventServicePlugin, sbt.plugins.InteractionServicePlugin, sbt.plugins.IvyPlugin, sbt.plugins.JvmPlugin) not found List(sbt.plugins.BackgroundRunPlugin, sbt.plugins.JUnitXmlReportPlugin)
  :: sorting:: found: List(sbt.plugins.CorePlugin, sbt.plugins.SerializersPlugin, sbt.plugins.SendEventServicePlugin, sbt.plugins.InteractionServicePlugin, sbt.plugins.IvyPlugin, sbt.plugins.JvmPlugin, sbt.plugins.BackgroundRunPlugin, sbt.plugins.JUnitXmlReportPlugin) not found List()
  :: sorted deduced result: List(sbt.plugins.CorePlugin, sbt.plugins.SerializersPlugin, sbt.plugins.SendEventServicePlugin, sbt.plugins.InteractionServicePlugin, sbt.plugins.IvyPlugin, sbt.plugins.JvmPlugin, sbt.plugins.BackgroundRunPlugin, sbt.plugins.JUnitXmlReportPlugin)
[Loading] Done in /home/max/git/de.htwg.mps.battleship.web/hello-play-scala, returning: (hello-play-scala)
Set current project to hello-play-scala (in build file:/home/max/git/de.htwg.mps.battleship.web/hello-play-scala/)
Reapplying settings...
Set current project to hello-play-scala (in build file:/home/max/git/de.htwg.mps.battleship.web/hello-play-scala/)
> iflast shell
> server-send-ready-for-request
> server-handle-next-server-request
> {file:/home/max/git/de.htwg.mps.battleship.web/hello-play-scala/}hello-play-scala/compile:discoveredMainClasses
Evaluating tasks: compile:discoveredMainClasses
Running task... Cancel: sbt.server.ServerTaskCancellation@56a39e0c, check cycles: false

Initial source changes: 
	removed:Set()
	added: Set()
	modified: Set()
Removed products: Set(/home/max/git/de.htwg.mps.battleship.web/hello-play-scala/target/scala-2.10/classes/views/html/main.class, /home/max/git/de.htwg.mps.battleship.web/hello-play-scala/target/scala-2.10/classes/views/html/index$.class, /home/max/git/de.htwg.mps.battleship.web/hello-play-scala/target/scala-2.10/classes/views/html/main$$anonfun$f$1.class, /home/max/git/de.htwg.mps.battleship.web/hello-play-scala/target/scala-2.10/classes/views/html/main$$anonfun$f$1$$anonfun$apply$1.class, /home/max/git/de.htwg.mps.battleship.web/hello-play-scala/target/scala-2.10/classes/views/html/main$.class, /home/max/git/de.htwg.mps.battleship.web/hello-play-scala/target/scala-2.10/classes/views/html/index.class, /home/max/git/de.htwg.mps.battleship.web/hello-play-scala/target/scala-2.10/classes/views/html/index$$anonfun$f$1.class)
External API changes: API Changes: Set()
Modified binary dependencies: Set()
Initial directly invalidated sources: Set()

Sources indirectly invalidated by:
	product: Set(/home/max/git/de.htwg.mps.battleship.web/hello-play-scala/target/scala-2.10/src_managed/main/views/html/main.template.scala, /home/max/git/de.htwg.mps.battleship.web/hello-play-scala/target/scala-2.10/src_managed/main/views/html/index.template.scala)
	binary dep: Set()
	external source: Set()
All initially invalidated sources: Set(/home/max/git/de.htwg.mps.battleship.web/hello-play-scala/target/scala-2.10/src_managed/main/views/html/index.template.scala, /home/max/git/de.htwg.mps.battleship.web/hello-play-scala/target/scala-2.10/src_managed/main/views/html/main.template.scala)

Read from stdout: Compiling 2 Scala sources to /home/max/git/de.htwg.mps.battleship.web/hello-play-scala/target/scala-2.10/classes...
Compiling 2 Scala sources to /home/max/git/de.htwg.mps.battleship.web/hello-play-scala/target/scala-2.10/classes...
Getting compiler-interface from component compiler for Scala 2.10.2
Other repositories:
Default repositories:
Getting compiler-interface from component compiler for Scala 2.10.2
Other repositories:
Default repositories:
Running cached compiler 5dd2d4f7, interfacing (CompilerInterface) with Scala compiler version 2.10.2
Calling Scala compiler with arguments  (CompilerInterface):
	-deprecation
	-unchecked
	-encoding
	utf8
	-bootclasspath
	/opt/Oracle_Java/jdk1.8.0_92/jre/lib/resources.jar:/opt/Oracle_Java/jdk1.8.0_92/jre/lib/rt.jar:/opt/Oracle_Java/jdk1.8.0_92/jre/lib/sunrsasign.jar:/opt/Oracle_Java/jdk1.8.0_92/jre/lib/jsse.jar:/opt/Oracle_Java/jdk1.8.0_92/jre/lib/jce.jar:/opt/Oracle_Java/jdk1.8.0_92/jre/lib/charsets.jar:/opt/Oracle_Java/jdk1.8.0_92/jre/lib/jfr.jar:/opt/Oracle_Java/jdk1.8.0_92/jre/classes:/home/max/.ivy2/cache/org.scala-lang/scala-library/jars/scala-library-2.10.2.jar
	-classpath
	/home/max/git/de.htwg.mps.battleship.web/hello-play-scala/target/scala-2.10/classes:/home/max/.ivy2/cache/org.webjars/webjars-play_2.10/jars/webjars-play_2.10-2.2.2.jar:/home/max/.ivy2/cache/org.webjars/requirejs/jars/requirejs-2.1.10.jar:/home/max/.ivy2/cache/org.webjars/webjars-locator/jars/webjars-locator-0.13.jar:/home/max/.progams/activator-dist-1.3.10/repository/org.slf4j/slf4j-api/1.7.5/jars/slf4j-api.jar:/home/max/.ivy2/cache/org.webjars/bootstrap/jars/bootstrap-2.3.1.jar:/home/max/.progams/activator-dist-1.3.10/repository/org.webjars/jquery/1.9.0/jars/jquery.jar:/home/max/.ivy2/cache/com.typesafe.play/play_2.10/jars/play_2.10-2.2.1.jar:/home/max/.ivy2/cache/com.typesafe.play/sbt-link/jars/sbt-link-2.2.1.jar:/home/max/.ivy2/cache/org.javassist/javassist/bundles/javassist-3.18.0-GA.jar:/home/max/.ivy2/cache/com.typesafe.play/play-exceptions/jars/play-exceptions-2.2.1.jar:/home/max/.ivy2/cache/com.typesafe.play/templates_2.10/jars/templates_2.10-2.2.1.jar:/home/max/.ivy2/cache/com.github.scala-incubator.io/scala-io-file_2.10/jars/scala-io-file_2.10-0.4.2.jar:/home/max/.ivy2/cache/com.github.scala-incubator.io/scala-io-core_2.10/jars/scala-io-core_2.10-0.4.2.jar:/home/max/.ivy2/cache/com.jsuereth/scala-arm_2.10/jars/scala-arm_2.10-1.3.jar:/home/max/.ivy2/cache/com.typesafe.play/play-iteratees_2.10/jars/play-iteratees_2.10-2.2.1.jar:/home/max/.progams/activator-dist-1.3.10/repository/org.scala-stm/scala-stm_2.10/0.7/jars/scala-stm_2.10.jar:/home/max/.ivy2/cache/com.typesafe/config/bundles/config-1.0.2.jar:/home/max/.ivy2/cache/com.typesafe.play/play-json_2.10/jars/play-json_2.10-2.2.1.jar:/home/max/.ivy2/cache/com.typesafe.play/play-functional_2.10/jars/play-functional_2.10-2.2.1.jar:/home/max/.ivy2/cache/com.typesafe.play/play-datacommons_2.10/jars/play-datacommons_2.10-2.2.1.jar:/home/max/.ivy2/cache/joda-time/joda-time/jars/joda-time-2.2.jar:/home/max/.ivy2/cache/org.joda/joda-convert/jars/joda-convert-1.3.1.jar:/home/max/.ivy2/cache/com.fasterxml.jackson.core/jackson-annotations/jars/jackson-annotations-2.2.2.jar:/home/max/.ivy2/cache/com.fasterxml.jackson.core/jackson-core/jars/jackson-core-2.2.2.jar:/home/max/.ivy2/cache/com.fasterxml.jackson.core/jackson-databind/jars/jackson-databind-2.2.2.jar:/home/max/.progams/activator-dist-1.3.10/repository/org.scala-lang/scala-reflect/2.10.2/jars/scala-reflect.jar:/home/max/.ivy2/cache/io.netty/netty/bundles/netty-3.7.0.Final.jar:/home/max/.ivy2/cache/com.typesafe.netty/netty-http-pipelining/jars/netty-http-pipelining-1.1.2.jar:/home/max/.ivy2/cache/org.slf4j/jul-to-slf4j/jars/jul-to-slf4j-1.7.5.jar:/home/max/.ivy2/cache/org.slf4j/jcl-over-slf4j/jars/jcl-over-slf4j-1.7.5.jar:/home/max/.ivy2/cache/ch.qos.logback/logback-core/jars/logback-core-1.0.13.jar:/home/max/.ivy2/cache/ch.qos.logback/logback-classic/jars/logback-classic-1.0.13.jar:/home/max/.ivy2/cache/com.typesafe.akka/akka-actor_2.10/jars/akka-actor_2.10-2.2.0.jar:/home/max/.ivy2/cache/com.typesafe.akka/akka-slf4j_2.10/bundles/akka-slf4j_2.10-2.2.0.jar:/home/max/.ivy2/cache/org.apache.commons/commons-lang3/jars/commons-lang3-3.1.jar:/home/max/.ivy2/cache/com.ning/async-http-client/jars/async-http-client-1.7.18.jar:/home/max/.ivy2/cache/oauth.signpost/signpost-core/jars/signpost-core-1.2.1.2.jar:/home/max/.ivy2/cache/commons-codec/commons-codec/jars/commons-codec-1.3.jar:/home/max/.ivy2/cache/oauth.signpost/signpost-commonshttp4/jars/signpost-commonshttp4-1.2.1.2.jar:/home/max/.progams/activator-dist-1.3.10/repository/org.apache.httpcomponents/httpcore/4.0.1/jars/httpcore.jar:/home/max/.progams/activator-dist-1.3.10/repository/org.apache.httpcomponents/httpclient/4.0.1/jars/httpclient.jar:/home/max/.ivy2/cache/commons-logging/commons-logging/jars/commons-logging-1.1.1.jar:/home/max/.ivy2/cache/xerces/xercesImpl/jars/xercesImpl-2.11.0.jar:/home/max/.ivy2/cache/xml-apis/xml-apis/jars/xml-apis-1.4.01.jar:/home/max/.ivy2/cache/javax.transaction/jta/jars/jta-1.1.jar
Scala compilation took 4.547718747 s
New invalidations:
	Set()
Initial set of included nodes: Set()
Previously invalidated, but (transitively) depend on new invalidations:
	Set()
All newly invalidated sources after taking into account (previously) recompiled sources:Set()
Total time: 6 s, completed Nov 28, 2016 1:57:15 PM
> server-post-command-cleanup
> server-handle-next-server-request
> {file:/home/max/git/de.htwg.mps.battleship.web/hello-play-scala/}hello-play-scala/compile:mainClass
Evaluating tasks: compile:mainClass
Running task... Cancel: sbt.server.ServerTaskCancellation@3e30d13d, check cycles: false
Total time: 0 s, completed Nov 28, 2016 1:57:15 PM
> server-post-command-cleanup
> server-handle-next-server-request
> {file:/home/max/git/de.htwg.mps.battleship.web/hello-play-scala/}hello-play-scala/compile:discoveredMainClasses
Evaluating tasks: compile:discoveredMainClasses
Running task... Cancel: sbt.server.ServerTaskCancellation@792e1ab0, check cycles: false

Initial source changes: 
	removed:Set()
	added: Set()
	modified: Set()
Removed products: Set(/home/max/git/de.htwg.mps.battleship.web/hello-play-scala/target/scala-2.10/classes/views/html/index.class)
External API changes: API Changes: Set()
Modified binary dependencies: Set()
Initial directly invalidated sources: Set()

Sources indirectly invalidated by:
	product: Set(/home/max/git/de.htwg.mps.battleship.web/hello-play-scala/target/scala-2.10/src_managed/main/views/html/index.template.scala)
	binary dep: Set()
	external source: Set()
All initially invalidated sources: Set(/home/max/git/de.htwg.mps.battleship.web/hello-play-scala/target/scala-2.10/src_managed/main/views/html/index.template.scala)

Read from stdout: Compiling 1 Scala source to /home/max/git/de.htwg.mps.battleship.web/hello-play-scala/target/scala-2.10/classes...
Compiling 1 Scala source to /home/max/git/de.htwg.mps.battleship.web/hello-play-scala/target/scala-2.10/classes...
Getting compiler-interface from component compiler for Scala 2.10.2
Other repositories:
Default repositories:
Getting compiler-interface from component compiler for Scala 2.10.2
Other repositories:
Default repositories:
Running cached compiler 7a08afb8, interfacing (CompilerInterface) with Scala compiler version 2.10.2
Calling Scala compiler with arguments  (CompilerInterface):
	-deprecation
	-unchecked
	-encoding
	utf8
	-bootclasspath
	/opt/Oracle_Java/jdk1.8.0_92/jre/lib/resources.jar:/opt/Oracle_Java/jdk1.8.0_92/jre/lib/rt.jar:/opt/Oracle_Java/jdk1.8.0_92/jre/lib/sunrsasign.jar:/opt/Oracle_Java/jdk1.8.0_92/jre/lib/jsse.jar:/opt/Oracle_Java/jdk1.8.0_92/jre/lib/jce.jar:/opt/Oracle_Java/jdk1.8.0_92/jre/lib/charsets.jar:/opt/Oracle_Java/jdk1.8.0_92/jre/lib/jfr.jar:/opt/Oracle_Java/jdk1.8.0_92/jre/classes:/home/max/.ivy2/cache/org.scala-lang/scala-library/jars/scala-library-2.10.2.jar
	-classpath
	/home/max/git/de.htwg.mps.battleship.web/hello-play-scala/target/scala-2.10/classes:/home/max/.ivy2/cache/org.webjars/webjars-play_2.10/jars/webjars-play_2.10-2.2.2.jar:/home/max/.ivy2/cache/org.webjars/requirejs/jars/requirejs-2.1.10.jar:/home/max/.ivy2/cache/org.webjars/webjars-locator/jars/webjars-locator-0.13.jar:/home/max/.progams/activator-dist-1.3.10/repository/org.slf4j/slf4j-api/1.7.5/jars/slf4j-api.jar:/home/max/.ivy2/cache/org.webjars/bootstrap/jars/bootstrap-2.3.1.jar:/home/max/.progams/activator-dist-1.3.10/repository/org.webjars/jquery/1.9.0/jars/jquery.jar:/home/max/.ivy2/cache/com.typesafe.play/play_2.10/jars/play_2.10-2.2.1.jar:/home/max/.ivy2/cache/com.typesafe.play/sbt-link/jars/sbt-link-2.2.1.jar:/home/max/.ivy2/cache/org.javassist/javassist/bundles/javassist-3.18.0-GA.jar:/home/max/.ivy2/cache/com.typesafe.play/play-exceptions/jars/play-exceptions-2.2.1.jar:/home/max/.ivy2/cache/com.typesafe.play/templates_2.10/jars/templates_2.10-2.2.1.jar:/home/max/.ivy2/cache/com.github.scala-incubator.io/scala-io-file_2.10/jars/scala-io-file_2.10-0.4.2.jar:/home/max/.ivy2/cache/com.github.scala-incubator.io/scala-io-core_2.10/jars/scala-io-core_2.10-0.4.2.jar:/home/max/.ivy2/cache/com.jsuereth/scala-arm_2.10/jars/scala-arm_2.10-1.3.jar:/home/max/.ivy2/cache/com.typesafe.play/play-iteratees_2.10/jars/play-iteratees_2.10-2.2.1.jar:/home/max/.progams/activator-dist-1.3.10/repository/org.scala-stm/scala-stm_2.10/0.7/jars/scala-stm_2.10.jar:/home/max/.ivy2/cache/com.typesafe/config/bundles/config-1.0.2.jar:/home/max/.ivy2/cache/com.typesafe.play/play-json_2.10/jars/play-json_2.10-2.2.1.jar:/home/max/.ivy2/cache/com.typesafe.play/play-functional_2.10/jars/play-functional_2.10-2.2.1.jar:/home/max/.ivy2/cache/com.typesafe.play/play-datacommons_2.10/jars/play-datacommons_2.10-2.2.1.jar:/home/max/.ivy2/cache/joda-time/joda-time/jars/joda-time-2.2.jar:/home/max/.ivy2/cache/org.joda/joda-convert/jars/joda-convert-1.3.1.jar:/home/max/.ivy2/cache/com.fasterxml.jackson.core/jackson-annotations/jars/jackson-annotations-2.2.2.jar:/home/max/.ivy2/cache/com.fasterxml.jackson.core/jackson-core/jars/jackson-core-2.2.2.jar:/home/max/.ivy2/cache/com.fasterxml.jackson.core/jackson-databind/jars/jackson-databind-2.2.2.jar:/home/max/.progams/activator-dist-1.3.10/repository/org.scala-lang/scala-reflect/2.10.2/jars/scala-reflect.jar:/home/max/.ivy2/cache/io.netty/netty/bundles/netty-3.7.0.Final.jar:/home/max/.ivy2/cache/com.typesafe.netty/netty-http-pipelining/jars/netty-http-pipelining-1.1.2.jar:/home/max/.ivy2/cache/org.slf4j/jul-to-slf4j/jars/jul-to-slf4j-1.7.5.jar:/home/max/.ivy2/cache/org.slf4j/jcl-over-slf4j/jars/jcl-over-slf4j-1.7.5.jar:/home/max/.ivy2/cache/ch.qos.logback/logback-core/jars/logback-core-1.0.13.jar:/home/max/.ivy2/cache/ch.qos.logback/logback-classic/jars/logback-classic-1.0.13.jar:/home/max/.ivy2/cache/com.typesafe.akka/akka-actor_2.10/jars/akka-actor_2.10-2.2.0.jar:/home/max/.ivy2/cache/com.typesafe.akka/akka-slf4j_2.10/bundles/akka-slf4j_2.10-2.2.0.jar:/home/max/.ivy2/cache/org.apache.commons/commons-lang3/jars/commons-lang3-3.1.jar:/home/max/.ivy2/cache/com.ning/async-http-client/jars/async-http-client-1.7.18.jar:/home/max/.ivy2/cache/oauth.signpost/signpost-core/jars/signpost-core-1.2.1.2.jar:/home/max/.ivy2/cache/commons-codec/commons-codec/jars/commons-codec-1.3.jar:/home/max/.ivy2/cache/oauth.signpost/signpost-commonshttp4/jars/signpost-commonshttp4-1.2.1.2.jar:/home/max/.progams/activator-dist-1.3.10/repository/org.apache.httpcomponents/httpcore/4.0.1/jars/httpcore.jar:/home/max/.progams/activator-dist-1.3.10/repository/org.apache.httpcomponents/httpclient/4.0.1/jars/httpclient.jar:/home/max/.ivy2/cache/commons-logging/commons-logging/jars/commons-logging-1.1.1.jar:/home/max/.ivy2/cache/xerces/xercesImpl/jars/xercesImpl-2.11.0.jar:/home/max/.ivy2/cache/xml-apis/xml-apis/jars/xml-apis-1.4.01.jar:/home/max/.ivy2/cache/javax.transaction/jta/jars/jta-1.1.jar
Scala compilation took 0.941269312 s
New invalidations:
	Set()
Initial set of included nodes: Set()
Previously invalidated, but (transitively) depend on new invalidations:
	Set()
All newly invalidated sources after taking into account (previously) recompiled sources:Set()
Total time: 1 s, completed Nov 28, 2016 1:57:16 PM
> server-post-command-cleanup
> server-handle-next-server-request
> {file:/home/max/git/de.htwg.mps.battleship.web/hello-play-scala/}hello-play-scala/compile:mainClass
Evaluating tasks: compile:mainClass
Running task... Cancel: sbt.server.ServerTaskCancellation@45e7eb33, check cycles: false
Total time: 0 s, completed Nov 28, 2016 1:57:16 PM
> server-post-command-cleanup
> server-handle-next-server-request
> backgroundRun
Evaluating tasks: compile:backgroundRun
Running task... Cancel: sbt.server.ServerTaskCancellation@4b3a0174, check cycles: false

Initial source changes: 
	removed:Set()
	added: Set()
	modified: Set()
Removed products: Set()
External API changes: API Changes: Set()
Modified binary dependencies: Set()
Initial directly invalidated sources: Set()

Sources indirectly invalidated by:
	product: Set()
	binary dep: Set()
	external source: Set()
All initially invalidated sources: Set()

Copy resource mappings: 
	(/home/max/git/de.htwg.mps.battleship.web/hello-play-scala/conf/routes,/home/max/git/de.htwg.mps.battleship.web/hello-play-scala/target/scala-2.10/classes/routes)
	(/home/max/git/de.htwg.mps.battleship.web/hello-play-scala/conf/application.conf,/home/max/git/de.htwg.mps.battleship.web/hello-play-scala/target/scala-2.10/classes/application.conf)
Copy play resource mappings: 
	(/home/max/git/de.htwg.mps.battleship.web/hello-play-scala/public/images/favicon.png,/home/max/git/de.htwg.mps.battleship.web/hello-play-scala/target/scala-2.10/classes/public/images/favicon.png)
Total time: 1 s, completed Nov 28, 2016 1:58:18 PM
> server-post-command-cleanup
> server-handle-next-server-request
Play server process ID is 7385
[info] play - Application started (Prod)
[info] play - Listening for HTTP on /0:0:0:0:0:0:0:0:9000
> jobStop 1
Evaluating tasks: *:jobStop
Running task... Cancel: sbt.server.ServerTaskCancellation@170d1f35, check cycles: false
Total time: 0 s, completed Nov 28, 2016 1:58:48 PM
> server-post-command-cleanup
> server-handle-next-server-request
Exception in thread "sbt-bg-threads-1" java.lang.RuntimeException: Nonzero exit code: 1
	at scala.sys.package$.error(package.scala:27)
	at sbt.BuildCommon$$anonfun$toError$1.apply(Defaults.scala:1943)
	at sbt.BuildCommon$$anonfun$toError$1.apply(Defaults.scala:1943)
	at scala.Option.foreach(Option.scala:236)
	at sbt.BuildCommon$class.toError(Defaults.scala:1943)
	at sbt.package$.toError(package.scala:4)
	at sbt.plugins.BackgroundRun$$$$7a35ad7c3e3c86b67367822c77d1e57$$$$onfun$apply$9.apply(BackgroundRunPlugin.scala:53)
	at sbt.plugins.BackgroundRun$$$$7a35ad7c3e3c86b67367822c77d1e57$$$$onfun$apply$9.apply(BackgroundRunPlugin.scala:51)
	at sbt.BackgroundThreadPool$$anonfun$1.apply$mcV$sp(AbstractBackgroundJobService.scala:134)
	at sbt.BackgroundThreadPool$BackgroundRunnable.run(AbstractBackgroundJobService.scala:68)
	at java.util.concurrent.ThreadPoolExecutor.runWorker(ThreadPoolExecutor.java:1142)
	at java.util.concurrent.ThreadPoolExecutor$Worker.run(ThreadPoolExecutor.java:617)
	at java.lang.Thread.run(Thread.java:745)
